<?xml version="1.0" encoding="UTF-8"?>
<!-- Generated by org.testng.reporters.JUnitXMLReporter -->
<testsuite hostname="Dell-Abhinaw" ignored="0" name="Default test(failed)" tests="1" failures="0" timestamp="09 Jun 2019 13:15:41 GMT" time="0.06" errors="0">
  <testcase name="@BeforeClass setUp" time="0.0" classname="com.automationAbhinawDemo.test.TestBase">
    <failure type="org.testng.TestNGException" message="
Parameter &amp;apos;browser&amp;apos; is required by BeforeClass on method setUp but has not been marked @Optional or defined
in D:\Abhinaw\HybridFrameWork\automationAbhinawDemo\test-output\testng-failed.xml">
      <![CDATA[org.testng.TestNGException: 
Parameter 'browser' is required by BeforeClass on method setUp but has not been marked @Optional or defined
in D:\Abhinaw\HybridFrameWork\automationAbhinawDemo\test-output\testng-failed.xml
... Removed 23 stack frames]]>
    </failure>
  </testcase> <!-- @BeforeClass setUp -->
  <testcase name="@AfterClass tearDown" time="0.0" classname="com.automationAbhinawDemo.test.TestBase">
    <skipped/>
  </testcase> <!-- @AfterClass tearDown -->
  <testcase name="login" time="0.0" classname="com.automationAbhinawDemo.test.TC_001_SuccessfulLogin">
    <skipped/>
  </testcase> <!-- login -->
</testsuite> <!-- Default test(failed) -->
